[2024-07-06 19:44:12,407: INFO: main: welcome to my 1st log]
[2024-07-06 20:56:02,753: INFO: common: yaml file: config\config.yaml loaded successfully]
[2024-07-06 20:56:02,760: INFO: common: yaml file: params.yaml loaded successfully]
[2024-07-06 20:56:02,762: INFO: common: created directory at: artifacts]
[2024-07-06 20:56:02,764: INFO: common: created directory at: artifacts/data_ingestion]
[2024-07-06 21:04:07,166: INFO: main: >>>>>> stage Data Ingestion stage started <<<<<<]
[2024-07-06 21:04:07,174: INFO: common: yaml file: config\config.yaml loaded successfully]
[2024-07-06 21:04:07,176: INFO: common: yaml file: params.yaml loaded successfully]
[2024-07-06 21:04:07,178: INFO: common: created directory at: artifacts]
[2024-07-06 21:04:07,179: INFO: common: created directory at: artifacts/data_ingestion]
[2024-07-06 21:04:07,325: INFO: main: >>>>>> stage Data Ingestion stage completed <<<<<<

x==========x]
[2024-07-06 21:21:11,620: INFO: common: yaml file: config\config.yaml loaded successfully]
[2024-07-06 21:21:11,622: INFO: common: yaml file: params.yaml loaded successfully]
[2024-07-06 21:21:11,624: INFO: common: created directory at: artifacts]
[2024-07-06 21:21:11,627: INFO: common: created directory at: artifacts/prepare_base_model]
[2024-07-06 21:21:11,667: INFO: 3280885768: Read train and test data completed]
[2024-07-06 21:32:13,880: INFO: main: >>>>>> stage Data Ingestion stage started <<<<<<]
[2024-07-06 21:32:13,884: INFO: common: yaml file: config\config.yaml loaded successfully]
[2024-07-06 21:32:13,884: INFO: common: yaml file: params.yaml loaded successfully]
[2024-07-06 21:32:13,885: INFO: common: created directory at: artifacts]
[2024-07-06 21:32:13,886: INFO: common: created directory at: artifacts/data_ingestion]
[2024-07-06 21:32:13,886: INFO: data_ingestion: Inmgestion of the data is completed]
[2024-07-06 21:32:13,886: INFO: main: >>>>>> stage Data Ingestion stage completed <<<<<<

x==========x]
[2024-07-06 21:32:13,887: INFO: main: >>>>>> stage prepare base model stage started <<<<<<]
[2024-07-06 21:32:13,893: INFO: common: yaml file: config\config.yaml loaded successfully]
[2024-07-06 21:32:13,894: INFO: common: yaml file: params.yaml loaded successfully]
[2024-07-06 21:32:13,895: INFO: common: created directory at: artifacts]
[2024-07-06 21:32:13,897: INFO: common: created directory at: artifacts/prepare_base_model]
[2024-07-06 21:32:13,928: INFO: prepare_base_model: Read train and test data completed]
[2024-07-06 21:32:13,953: INFO: main: >>>>>> stage prepare base model stage completed <<<<<<

x==========x]
[2024-07-10 11:57:59,528: INFO: common: yaml file: config\config.yaml loaded successfully]
[2024-07-10 11:57:59,535: INFO: common: yaml file: params.yaml loaded successfully]
[2024-07-10 11:57:59,537: INFO: common: created directory at: artifacts]
[2024-07-10 11:57:59,539: INFO: common: created directory at: artifacts/training]
[2024-07-10 12:07:45,578: INFO: main: >>>>>> stage Data Ingestion stage started <<<<<<]
[2024-07-10 12:07:45,582: INFO: common: yaml file: config\config.yaml loaded successfully]
[2024-07-10 12:07:45,584: INFO: common: yaml file: params.yaml loaded successfully]
[2024-07-10 12:07:45,585: INFO: common: created directory at: artifacts]
[2024-07-10 12:07:45,585: INFO: common: created directory at: artifacts/data_ingestion]
[2024-07-10 12:07:45,586: INFO: data_ingestion: Inmgestion of the data is completed]
[2024-07-10 12:07:45,586: INFO: main: >>>>>> stage Data Ingestion stage completed <<<<<<

x==========x]
[2024-07-10 12:07:45,587: INFO: main: >>>>>> stage prepare base model stage started <<<<<<]
[2024-07-10 12:07:45,594: INFO: common: yaml file: config\config.yaml loaded successfully]
[2024-07-10 12:07:45,596: INFO: common: yaml file: params.yaml loaded successfully]
[2024-07-10 12:07:45,597: INFO: common: created directory at: artifacts]
[2024-07-10 12:07:45,598: INFO: common: created directory at: artifacts/prepare_base_model]
[2024-07-10 12:07:45,695: INFO: prepare_base_model: Read train and test data completed]
[2024-07-10 12:07:45,756: INFO: main: >>>>>> stage prepare base model stage completed <<<<<<

x==========x]
[2024-07-10 12:07:45,757: INFO: main: >>>>>> stage model Training stage started <<<<<<]
[2024-07-10 12:07:45,766: INFO: common: yaml file: config\config.yaml loaded successfully]
[2024-07-10 12:07:45,770: INFO: common: yaml file: params.yaml loaded successfully]
[2024-07-10 12:07:45,771: INFO: common: created directory at: artifacts]
[2024-07-10 12:07:45,772: INFO: common: created directory at: artifacts/training]
[2024-07-10 12:07:46,801: INFO: main: >>>>>> stage model Training stage completed <<<<<<

x==========x]
[2024-07-10 12:11:49,593: INFO: common: yaml file: config\config.yaml loaded successfully]
[2024-07-10 12:11:49,597: INFO: common: yaml file: params.yaml loaded successfully]
[2024-07-10 12:11:49,600: INFO: common: created directory at: artifacts]
[2024-07-10 12:11:49,602: INFO: common: created directory at: artifacts/model_evaluation]
[2024-07-10 12:11:49,658: INFO: common: json file saved at: scores.json]
[2024-07-10 12:20:31,851: INFO: main: >>>>>> stage Data Ingestion stage started <<<<<<]
[2024-07-10 12:20:31,856: INFO: common: yaml file: config\config.yaml loaded successfully]
[2024-07-10 12:20:31,858: INFO: common: yaml file: params.yaml loaded successfully]
[2024-07-10 12:20:31,858: INFO: common: created directory at: artifacts]
[2024-07-10 12:20:31,859: INFO: common: created directory at: artifacts/data_ingestion]
[2024-07-10 12:20:31,860: INFO: data_ingestion: Inmgestion of the data is completed]
[2024-07-10 12:20:31,860: INFO: main: >>>>>> stage Data Ingestion stage completed <<<<<<

x==========x]
[2024-07-10 12:20:31,861: INFO: main: >>>>>> stage prepare base model stage started <<<<<<]
[2024-07-10 12:20:31,865: INFO: common: yaml file: config\config.yaml loaded successfully]
[2024-07-10 12:20:31,867: INFO: common: yaml file: params.yaml loaded successfully]
[2024-07-10 12:20:31,868: INFO: common: created directory at: artifacts]
[2024-07-10 12:20:31,868: INFO: common: created directory at: artifacts/prepare_base_model]
[2024-07-10 12:20:31,902: INFO: prepare_base_model: Read train and test data completed]
[2024-07-10 12:20:31,930: INFO: main: >>>>>> stage prepare base model stage completed <<<<<<

x==========x]
[2024-07-10 12:20:31,931: INFO: main: >>>>>> stage model Training stage started <<<<<<]
[2024-07-10 12:20:31,936: INFO: common: yaml file: config\config.yaml loaded successfully]
[2024-07-10 12:20:31,939: INFO: common: yaml file: params.yaml loaded successfully]
[2024-07-10 12:20:31,940: INFO: common: created directory at: artifacts]
[2024-07-10 12:20:31,940: INFO: common: created directory at: artifacts/training]
[2024-07-10 12:20:32,902: INFO: main: >>>>>> stage model Training stage completed <<<<<<

x==========x]
[2024-07-10 12:20:32,903: INFO: main: >>>>>> stage model Evaluation stage started <<<<<<]
[2024-07-10 12:20:32,907: INFO: common: yaml file: config\config.yaml loaded successfully]
[2024-07-10 12:20:32,909: INFO: common: yaml file: params.yaml loaded successfully]
[2024-07-10 12:20:32,910: INFO: common: created directory at: artifacts]
[2024-07-10 12:20:32,910: INFO: common: created directory at: artifacts/model_evaluation]
[2024-07-10 12:20:32,945: INFO: common: json file saved at: scores.json]
[2024-07-10 12:20:32,946: INFO: main: >>>>>> stage model Evaluation stage completed <<<<<<

x==========x]
